{"level":"DEBUG","time":"2025-04-10T18:20:58.349+0800","caller":"gosocial/main.go:37","msg":"logger init success!"}
{"level":"ERROR","time":"2025-04-10T18:20:58.362+0800","caller":"mysql/mysql.go:30","msg":"connect mysql failed","error":"dial tcp: lookup tcp/%!d(string=13306): unknown port"}
{"level":"DEBUG","time":"2025-04-10T18:21:55.205+0800","caller":"gosocial/main.go:38","msg":"logger init success!"}
{"level":"ERROR","time":"2025-04-10T18:21:55.217+0800","caller":"mysql/mysql.go:30","msg":"connect mysql failed","error":"dial tcp: lookup tcp/%!d(string=13306): unknown port"}
{"level":"DEBUG","time":"2025-04-13T10:16:52.688+0800","caller":"gosocial/main.go:38","msg":"logger init success!"}
{"level":"ERROR","time":"2025-04-13T10:16:52.702+0800","caller":"mysql/mysql.go:30","msg":"connect mysql failed","error":"dial tcp: lookup tcp/%!d(string=13306): unknown port"}
{"level":"DEBUG","time":"2025-04-13T10:18:57.154+0800","caller":"gosocial/main.go:38","msg":"logger init success!"}
{"level":"ERROR","time":"2025-04-13T10:18:57.166+0800","caller":"mysql/mysql.go:30","msg":"connect mysql failed","error":"dial tcp: lookup tcp/%!d(string=13306): unknown port"}
{"level":"DEBUG","time":"2025-04-13T10:19:15.687+0800","caller":"gosocial/main.go:38","msg":"logger init success!"}
{"level":"ERROR","time":"2025-04-13T10:19:15.698+0800","caller":"mysql/mysql.go:30","msg":"connect mysql failed","error":"dial tcp: lookup tcp/%!d(string=13306): unknown port"}
{"level":"DEBUG","time":"2025-04-13T10:20:37.348+0800","caller":"gosocial/main.go:38","msg":"logger init success!"}
{"level":"ERROR","time":"2025-04-13T10:20:37.361+0800","caller":"mysql/mysql.go:30","msg":"connect mysql failed","error":"dial tcp: lookup tcp/%!d(string=13306): unknown port"}
{"level":"DEBUG","time":"2025-04-13T10:22:14.506+0800","caller":"gosocial/main.go:38","msg":"logger init success!"}
{"level":"ERROR","time":"2025-04-13T10:22:14.519+0800","caller":"mysql/mysql.go:30","msg":"connect mysql failed","error":"dial tcp: lookup tcp/%!d(string=13306): unknown port"}
{"level":"DEBUG","time":"2025-04-13T10:22:40.152+0800","caller":"gosocial/main.go:38","msg":"logger init success!"}
{"level":"ERROR","time":"2025-04-13T10:22:40.164+0800","caller":"mysql/mysql.go:30","msg":"connect mysql failed","error":"dial tcp: lookup tcp/%!d(string=13306): unknown port"}
{"level":"DEBUG","time":"2025-04-13T10:24:28.599+0800","caller":"gosocial/main.go:38","msg":"logger init success!"}
{"level":"ERROR","time":"2025-04-13T10:24:28.612+0800","caller":"mysql/mysql.go:30","msg":"connect mysql failed","error":"dial tcp: lookup tcp/%!d(string=13306): unknown port"}
{"level":"DEBUG","time":"2025-04-13T10:27:00.479+0800","caller":"gosocial/main.go:38","msg":"logger init success!"}
{"level":"ERROR","time":"2025-04-13T10:27:00.491+0800","caller":"mysql/mysql.go:30","msg":"connect mysql failed","error":"dial tcp: lookup tcp/%!d(string=13306): unknown port"}
{"level":"DEBUG","time":"2025-04-13T10:28:23.252+0800","caller":"gosocial/main.go:38","msg":"logger init success!"}
{"level":"ERROR","time":"2025-04-13T10:28:23.263+0800","caller":"mysql/mysql.go:30","msg":"connect mysql failed","error":"dial tcp: lookup tcp/%!d(string=13306): unknown port"}
{"level":"DEBUG","time":"2025-04-13T10:32:22.143+0800","caller":"gosocial/main.go:38","msg":"logger init success!"}
{"level":"ERROR","time":"2025-04-13T10:32:22.155+0800","caller":"mysql/mysql.go:30","msg":"connect mysql failed","error":"dial tcp: lookup tcp/%!d(string=13306): unknown port"}
{"level":"DEBUG","time":"2025-04-13T10:32:45.073+0800","caller":"gosocial/main.go:38","msg":"logger init success!"}
{"level":"ERROR","time":"2025-04-13T10:32:45.086+0800","caller":"mysql/mysql.go:30","msg":"connect mysql failed","error":"dial tcp: lookup tcp/%!d(string=13306): unknown port"}
{"level":"DEBUG","time":"2025-04-13T10:33:03.375+0800","caller":"gosocial/main.go:38","msg":"logger init success!"}
{"level":"ERROR","time":"2025-04-13T10:33:03.388+0800","caller":"mysql/mysql.go:30","msg":"connect mysql failed","error":"dial tcp: lookup tcp/%!d(string=13306): unknown port"}
{"level":"DEBUG","time":"2025-04-13T10:34:04.021+0800","caller":"gosocial/main.go:38","msg":"logger init success!"}
{"level":"ERROR","time":"2025-04-13T10:34:04.033+0800","caller":"mysql/mysql.go:30","msg":"connect mysql failed","error":"dial tcp: lookup tcp/%!d(string=13306): unknown port"}
{"level":"DEBUG","time":"2025-04-13T10:34:20.054+0800","caller":"gosocial/main.go:38","msg":"logger init success!"}
{"level":"ERROR","time":"2025-04-13T10:34:20.068+0800","caller":"mysql/mysql.go:30","msg":"connect mysql failed","error":"dial tcp: lookup tcp/%!d(string=13306): unknown port"}
{"level":"DEBUG","time":"2025-04-13T10:35:28.615+0800","caller":"gosocial/main.go:38","msg":"logger init success!"}
{"level":"ERROR","time":"2025-04-13T10:35:28.633+0800","caller":"mysql/mysql.go:30","msg":"connect mysql failed","error":"dial tcp: lookup tcp/%!d(string=13306): unknown port"}
{"level":"DEBUG","time":"2025-04-13T10:56:56.683+0800","caller":"gosocial/main.go:38","msg":"logger init success!"}
{"level":"ERROR","time":"2025-04-13T10:56:56.696+0800","caller":"mysql/mysql.go:30","msg":"connect mysql failed","error":"dial tcp: lookup tcp/%!d(string=13306): unknown port"}
{"level":"DEBUG","time":"2025-04-13T11:03:11.478+0800","caller":"gosocial/main.go:38","msg":"logger init success!"}
{"level":"ERROR","time":"2025-04-13T11:03:11.490+0800","caller":"mysql/mysql.go:30","msg":"connect mysql failed","error":"dial tcp: lookup tcp/%!d(string=13306): unknown port"}
{"level":"DEBUG","time":"2025-04-13T11:03:36.897+0800","caller":"gosocial/main.go:38","msg":"logger init success!"}
{"level":"ERROR","time":"2025-04-13T11:03:36.909+0800","caller":"mysql/mysql.go:30","msg":"connect mysql failed","error":"dial tcp: lookup tcp/%!d(string=13306): unknown port"}
{"level":"DEBUG","time":"2025-04-13T11:03:53.462+0800","caller":"gosocial/main.go:38","msg":"logger init success!"}
{"level":"ERROR","time":"2025-04-13T11:03:53.476+0800","caller":"mysql/mysql.go:30","msg":"connect mysql failed","error":"dial tcp: lookup tcp/%!d(string=13306): unknown port"}
{"level":"DEBUG","time":"2025-04-13T11:06:27.647+0800","caller":"gosocial/main.go:38","msg":"logger init success!"}
{"level":"ERROR","time":"2025-04-13T11:06:27.659+0800","caller":"mysql/mysql.go:30","msg":"connect mysql failed","error":"dial tcp: lookup tcp/%!d(string=13306): unknown port"}
{"level":"DEBUG","time":"2025-04-13T11:07:33.022+0800","caller":"gosocial/main.go:38","msg":"logger init success!"}
{"level":"ERROR","time":"2025-04-13T11:07:33.034+0800","caller":"mysql/mysql.go:30","msg":"connect mysql failed","error":"dial tcp: lookup tcp/%!d(string=13306): unknown port"}
{"level":"DEBUG","time":"2025-04-13T11:07:43.522+0800","caller":"gosocial/main.go:38","msg":"logger init success!"}
{"level":"ERROR","time":"2025-04-13T11:07:43.536+0800","caller":"mysql/mysql.go:30","msg":"connect mysql failed","error":"dial tcp: lookup tcp/%!d(string=13306): unknown port"}
{"level":"DEBUG","time":"2025-04-13T11:08:17.926+0800","caller":"gosocial/main.go:38","msg":"logger init success!"}
{"level":"ERROR","time":"2025-04-13T11:08:17.938+0800","caller":"mysql/mysql.go:30","msg":"connect mysql failed","error":"dial tcp: lookup tcp/%!d(string=13306): unknown port"}
{"level":"DEBUG","time":"2025-04-13T11:08:24.454+0800","caller":"gosocial/main.go:38","msg":"logger init success!"}
{"level":"ERROR","time":"2025-04-13T11:08:24.466+0800","caller":"mysql/mysql.go:30","msg":"connect mysql failed","error":"dial tcp: lookup tcp/%!d(string=13306): unknown port"}
{"level":"DEBUG","time":"2025-04-13T11:10:03.562+0800","caller":"gosocial/main.go:38","msg":"logger init success!"}
{"level":"ERROR","time":"2025-04-13T11:10:03.577+0800","caller":"mysql/mysql.go:30","msg":"connect mysql failed","error":"dial tcp: lookup tcp/%!d(string=13306): unknown port"}
{"level":"DEBUG","time":"2025-04-13T11:16:03.254+0800","caller":"gosocial/main.go:38","msg":"logger init success!"}
{"level":"ERROR","time":"2025-04-13T11:16:03.266+0800","caller":"mysql/mysql.go:30","msg":"connect mysql failed","error":"dial tcp: lookup tcp/%!d(string=13306): unknown port"}
{"level":"DEBUG","time":"2025-04-13T11:16:15.392+0800","caller":"gosocial/main.go:38","msg":"logger init success!"}
{"level":"ERROR","time":"2025-04-13T11:16:15.404+0800","caller":"mysql/mysql.go:30","msg":"connect mysql failed","error":"dial tcp: lookup tcp/%!d(string=13306): unknown port"}
{"level":"DEBUG","time":"2025-04-13T11:16:26.107+0800","caller":"gosocial/main.go:38","msg":"logger init success!"}
{"level":"ERROR","time":"2025-04-13T11:16:26.119+0800","caller":"mysql/mysql.go:30","msg":"connect mysql failed","error":"dial tcp: lookup tcp/%!d(string=13306): unknown port"}
{"level":"DEBUG","time":"2025-04-13T11:17:56.538+0800","caller":"gosocial/main.go:59","msg":"logger init success!"}
{"level":"DEBUG","time":"2025-04-13T11:18:08.058+0800","caller":"gosocial/main.go:59","msg":"logger init success!"}
{"level":"DEBUG","time":"2025-04-13T11:18:40.415+0800","caller":"gosocial/main.go:59","msg":"logger init success!"}
{"level":"DEBUG","time":"2025-04-13T11:19:46.652+0800","caller":"gosocial/main.go:59","msg":"logger init success!"}
{"level":"DEBUG","time":"2025-04-13T11:22:03.620+0800","caller":"gosocial/main.go:60","msg":"logger init success!"}
{"level":"DEBUG","time":"2025-04-13T11:28:09.264+0800","caller":"gosocial/main.go:60","msg":"logger init success!"}
{"level":"DEBUG","time":"2025-04-13T11:29:22.163+0800","caller":"gosocial/main.go:60","msg":"logger init success!"}
{"level":"DEBUG","time":"2025-04-13T11:30:04.447+0800","caller":"gosocial/main.go:60","msg":"logger init success!"}
{"level":"INFO","time":"2025-04-13T11:30:18.196+0800","caller":"gosocial/main.go:94","msg":"Shutdown Server ..."}
{"level":"INFO","time":"2025-04-13T11:30:18.196+0800","caller":"gosocial/main.go:102","msg":"Server exiting"}
{"level":"DEBUG","time":"2025-04-13T11:30:25.133+0800","caller":"gosocial/main.go:60","msg":"logger init success!"}
{"level":"DEBUG","time":"2025-04-13T11:30:48.753+0800","caller":"gosocial/main.go:60","msg":"logger init success!"}
{"level":"DEBUG","time":"2025-04-13T11:32:18.974+0800","caller":"gosocial/main.go:58","msg":"logger init success!"}
{"level":"DEBUG","time":"2025-04-13T11:38:37.678+0800","caller":"gosocial/main.go:58","msg":"logger init success!"}
{"level":"INFO","time":"2025-04-13T11:38:37.688+0800","caller":"gosocial/main.go:80","msg":"HTTP服务启动中","address":":0"}
{"level":"DEBUG","time":"2025-04-13T11:40:05.283+0800","caller":"gosocial/main.go:58","msg":"logger init success!"}
{"level":"DEBUG","time":"2025-04-13T11:40:12.605+0800","caller":"gosocial/main.go:58","msg":"logger init success!"}
{"level":"DEBUG","time":"2025-04-13T11:41:27.145+0800","caller":"gosocial/main.go:58","msg":"logger init success!"}
{"level":"DEBUG","time":"2025-04-13T11:41:43.543+0800","caller":"gosocial/main.go:58","msg":"logger init success!"}
{"level":"INFO","time":"2025-04-13T11:43:22.339+0800","caller":"gosocial/main.go:92","msg":"Shutdown Server ..."}
{"level":"INFO","time":"2025-04-13T11:43:22.339+0800","caller":"gosocial/main.go:100","msg":"Server exiting"}
{"level":"DEBUG","time":"2025-04-13T11:43:38.482+0800","caller":"gosocial/main.go:58","msg":"logger init success!"}
{"level":"DEBUG","time":"2025-04-13T11:45:02.343+0800","caller":"gosocial/main.go:48","msg":"logger init success!"}
{"level":"DEBUG","time":"2025-04-13T11:45:46.662+0800","caller":"gosocial/main.go:47","msg":"logger init success!"}
{"level":"ERROR","time":"2025-04-13T11:45:52.823+0800","caller":"controllers/user.go:18","msg":"SignUp with invalid param","error":"Key: 'ParamRegister.Username' Error:Field validation for 'Username' failed on the 'required' tag\nKey: 'ParamRegister.Password' Error:Field validation for 'Password' failed on the 'required' tag\nKey: 'ParamRegister.RePassword' Error:Field validation for 'RePassword' failed on the 'required' tag\nKey: 'ParamRegister.Email' Error:Field validation for 'Email' failed on the 'required' tag"}
{"level":"INFO","time":"2025-04-13T11:45:52.824+0800","caller":"logger/logger.go:67","msg":"/api/v1/register","status":200,"method":"POST","path":"/api/v1/register","query":"","user-agent":"PostmanRuntime/7.29.0","ip":"127.0.0.1","errors":"","cost":"755.7µs"}
{"level":"ERROR","time":"2025-04-13T11:47:10.618+0800","caller":"logic/user.go:14","msg":"该邮箱已注册","error":"数据库查询失败: Error 1146 (42S02): Table 'gosocial.users' doesn't exist"}
{"level":"INFO","time":"2025-04-13T11:47:10.618+0800","caller":"logger/logger.go:67","msg":"/api/v1/register","status":200,"method":"POST","path":"/api/v1/register","query":"","user-agent":"PostmanRuntime/7.29.0","ip":"127.0.0.1","errors":"","cost":"7.4778ms"}
{"level":"DEBUG","time":"2025-04-13T11:53:48.620+0800","caller":"gosocial/main.go:47","msg":"logger init success!"}
{"level":"ERROR","time":"2025-04-13T11:53:48.636+0800","caller":"mysql/mysql.go:36","msg":"自动迁移失败","error":"Error 1064 (42000): You have an error in your SQL syntax; check the manual that corresponds to your MySQL server version for the right syntax to use near '' DEFAULT 'male',`signature` varchar(255) NOT NULL,`avatar_url` varchar(255) DEF' at line 1"}
{"level":"DEBUG","time":"2025-04-13T11:57:54.054+0800","caller":"gosocial/main.go:47","msg":"logger init success!"}
{"level":"INFO","time":"2025-04-13T11:58:09.871+0800","caller":"logger/logger.go:67","msg":"/api/v1/register","status":200,"method":"POST","path":"/api/v1/register","query":"","user-agent":"PostmanRuntime/7.29.0","ip":"127.0.0.1","errors":"","cost":"8.2047ms"}
{"level":"DEBUG","time":"2025-04-13T11:59:32.287+0800","caller":"gosocial/main.go:47","msg":"logger init success!"}
{"level":"DEBUG","time":"2025-04-13T12:00:52.369+0800","caller":"gosocial/main.go:47","msg":"logger init success!"}
{"level":"DEBUG","time":"2025-04-13T12:01:58.969+0800","caller":"gosocial/main.go:47","msg":"logger init success!"}
{"level":"DEBUG","time":"2025-04-13T12:02:20.556+0800","caller":"gosocial/main.go:47","msg":"logger init success!"}
{"level":"DEBUG","time":"2025-04-13T12:04:32.831+0800","caller":"gosocial/main.go:47","msg":"logger init success!"}
{"level":"DEBUG","time":"2025-04-13T12:04:36.905+0800","caller":"gosocial/main.go:47","msg":"logger init success!"}
{"level":"ERROR","time":"2025-04-13T12:05:03.117+0800","caller":"logic/user.go:14","msg":"该邮箱已注册","error":"邮箱已被注册"}
{"level":"INFO","time":"2025-04-13T12:05:03.117+0800","caller":"logger/logger.go:67","msg":"/api/v1/register","status":200,"method":"POST","path":"/api/v1/register","query":"","user-agent":"PostmanRuntime/7.29.0","ip":"127.0.0.1","errors":"","cost":"1.0826ms"}
{"level":"DEBUG","time":"2025-04-13T12:05:21.304+0800","caller":"gosocial/main.go:47","msg":"logger init success!"}
{"level":"ERROR","time":"2025-04-13T12:05:27.318+0800","caller":"logic/user.go:14","msg":"该邮箱已注册","error":"邮箱已被注册"}
{"level":"INFO","time":"2025-04-13T12:05:27.318+0800","caller":"logger/logger.go:67","msg":"/api/v1/register","status":200,"method":"POST","path":"/api/v1/register","query":"","user-agent":"PostmanRuntime/7.29.0","ip":"127.0.0.1","errors":"","cost":"671.7µs"}
{"level":"DEBUG","time":"2025-04-13T12:06:48.169+0800","caller":"gosocial/main.go:47","msg":"logger init success!"}
{"level":"ERROR","time":"2025-04-13T12:06:51.440+0800","caller":"logic/user.go:14","msg":"该邮箱已注册","error":"邮箱已被注册"}
{"level":"INFO","time":"2025-04-13T12:06:51.440+0800","caller":"logger/logger.go:67","msg":"/api/v1/register","status":200,"method":"POST","path":"/api/v1/register","query":"","user-agent":"PostmanRuntime/7.29.0","ip":"127.0.0.1","errors":"","cost":"1.1512ms"}
{"level":"ERROR","time":"2025-04-13T12:06:52.360+0800","caller":"logic/user.go:14","msg":"该邮箱已注册","error":"邮箱已被注册"}
{"level":"INFO","time":"2025-04-13T12:06:52.361+0800","caller":"logger/logger.go:67","msg":"/api/v1/register","status":200,"method":"POST","path":"/api/v1/register","query":"","user-agent":"PostmanRuntime/7.29.0","ip":"127.0.0.1","errors":"","cost":"548.7µs"}
{"level":"ERROR","time":"2025-04-13T12:07:04.695+0800","caller":"logic/user.go:32","msg":"注册失败","error":"Error 1062 (23000): Duplicate entry 'Lnight' for key 'users.uni_users_username'"}
{"level":"INFO","time":"2025-04-13T12:07:04.695+0800","caller":"logger/logger.go:67","msg":"/api/v1/register","status":200,"method":"POST","path":"/api/v1/register","query":"","user-agent":"PostmanRuntime/7.29.0","ip":"127.0.0.1","errors":"","cost":"4.13ms"}
{"level":"DEBUG","time":"2025-04-13T12:07:58.326+0800","caller":"gosocial/main.go:47","msg":"logger init success!"}
{"level":"ERROR","time":"2025-04-13T12:15:00.059+0800","caller":"logic/user.go:14","msg":"该邮箱已注册","error":"数据库查询失败: Error 1146 (42S02): Table 'gosocial.users' doesn't exist"}
{"level":"INFO","time":"2025-04-13T12:15:00.059+0800","caller":"logger/logger.go:67","msg":"/api/v1/register","status":200,"method":"POST","path":"/api/v1/register","query":"","user-agent":"PostmanRuntime/7.29.0","ip":"127.0.0.1","errors":"","cost":"2.0911ms"}
{"level":"DEBUG","time":"2025-04-13T12:15:14.208+0800","caller":"gosocial/main.go:47","msg":"logger init success!"}
{"level":"INFO","time":"2025-04-13T12:15:38.680+0800","caller":"logger/logger.go:67","msg":"/api/v1/register","status":200,"method":"POST","path":"/api/v1/register","query":"","user-agent":"PostmanRuntime/7.29.0","ip":"127.0.0.1","errors":"","cost":"7.2015ms"}
{"level":"DEBUG","time":"2025-04-13T12:16:51.688+0800","caller":"gosocial/main.go:47","msg":"logger init success!"}
{"level":"DEBUG","time":"2025-04-13T12:17:20.335+0800","caller":"gosocial/main.go:47","msg":"logger init success!"}
{"level":"DEBUG","time":"2025-04-13T12:22:03.625+0800","caller":"gosocial/main.go:47","msg":"logger init success!"}
{"level":"DEBUG","time":"2025-04-13T12:25:55.107+0800","caller":"gosocial/main.go:47","msg":"logger init success!"}
{"level":"ERROR","time":"2025-04-13T12:26:00.425+0800","caller":"logic/user.go:14","msg":"该邮箱已注册","error":"邮箱已被注册"}
{"level":"INFO","time":"2025-04-13T12:26:00.425+0800","caller":"logger/logger.go:67","msg":"/api/v1/register","status":200,"method":"POST","path":"/api/v1/register","query":"","user-agent":"PostmanRuntime/7.29.0","ip":"127.0.0.1","errors":"","cost":"1.0767ms"}
{"level":"ERROR","time":"2025-04-13T12:26:31.634+0800","caller":"logic/user.go:14","msg":"该邮箱已注册","error":"邮箱已被注册"}
{"level":"INFO","time":"2025-04-13T12:26:31.634+0800","caller":"logger/logger.go:67","msg":"/api/v1/register","status":200,"method":"POST","path":"/api/v1/register","query":"","user-agent":"PostmanRuntime/7.29.0","ip":"127.0.0.1","errors":"","cost":"502.2µs"}
{"level":"DEBUG","time":"2025-04-13T12:26:34.195+0800","caller":"gosocial/main.go:47","msg":"logger init success!"}
{"level":"ERROR","time":"2025-04-13T12:26:35.358+0800","caller":"logic/user.go:14","msg":"该邮箱已注册","error":"邮箱已被注册"}
{"level":"ERROR","time":"2025-04-13T12:26:35.358+0800","caller":"controllers/user.go:32","msg":"RegisterLogic failed","error":"邮箱已被注册"}
{"level":"INFO","time":"2025-04-13T12:26:35.358+0800","caller":"logger/logger.go:67","msg":"/api/v1/register","status":200,"method":"POST","path":"/api/v1/register","query":"","user-agent":"PostmanRuntime/7.29.0","ip":"127.0.0.1","errors":"","cost":"1.0788ms"}
{"level":"DEBUG","time":"2025-04-13T12:28:21.077+0800","caller":"gosocial/main.go:47","msg":"logger init success!"}
{"level":"DEBUG","time":"2025-04-13T20:51:19.676+0800","caller":"gosocial/main.go:47","msg":"logger init success!"}
{"level":"ERROR","time":"2025-04-13T20:51:28.193+0800","caller":"logic/user.go:14","msg":"该邮箱已注册","error":"邮箱已被注册"}
{"level":"ERROR","time":"2025-04-13T20:51:28.193+0800","caller":"controllers/user.go:34","msg":"RegisterLogic failed","error":"邮箱已被注册"}
{"level":"INFO","time":"2025-04-13T20:51:28.193+0800","caller":"logger/logger.go:67","msg":"/api/v1/register","status":200,"method":"POST","path":"/api/v1/register","query":"","user-agent":"PostmanRuntime/7.29.0","ip":"127.0.0.1","errors":"","cost":"1.8101ms"}
{"level":"INFO","time":"2025-04-13T20:53:09.196+0800","caller":"logger/logger.go:67","msg":"/api/v1/register","status":200,"method":"POST","path":"/api/v1/register","query":"","user-agent":"PostmanRuntime/7.29.0","ip":"127.0.0.1","errors":"","cost":"10.2094ms"}
{"level":"DEBUG","time":"2025-04-13T20:59:16.879+0800","caller":"gosocial/main.go:47","msg":"logger init success!"}
{"level":"DEBUG","time":"2025-04-13T20:59:24.742+0800","caller":"gosocial/main.go:47","msg":"logger init success!"}
